Namespace(input_path_1='./output/opt-1.3b/nontoxic', input_path_2='./output/opt-1.3b/toxic', alpha=0.3, method='negation')
Namespace(input_path_1='./output/opt-1.3b/nontoxic', input_path_2='./output/opt-1.3b/toxic', alpha=0.3, method='subtraction')
Namespace(input_path_1='./output/opt-1.3b/nontoxic', input_path_2='./output/opt-1.3b/toxic', alpha=0.3, method='svd')
Namespace(seed=42, model_name_or_path='facebook/opt-1.3b', peft='./output/opt-1.3b/negation_0.3')
toxicity score 0.10159573716475279
toxicity ratio % 6.0
Perplexity: 13.290385246276855
Namespace(seed=42, model_name_or_path='facebook/opt-1.3b', peft='./output/opt-1.3b/subtraction_0.3')
toxicity score 0.025574359856691445
toxicity ratio % 0.0
Perplexity: 12.44200611114502
Namespace(seed=42, model_name_or_path='facebook/opt-1.3b', peft='./output/opt-1.3b/svd_0.3')
toxicity score 0.032735925869492345
toxicity ratio % 2.5
Perplexity: 12.445075035095215
Namespace(input_path_1='./output/opt-1.3b/nontoxic', input_path_2='./output/opt-1.3b/toxic', alpha=0.4, method='negation')
Namespace(input_path_1='./output/opt-1.3b/nontoxic', input_path_2='./output/opt-1.3b/toxic', alpha=0.4, method='subtraction')
Namespace(input_path_1='./output/opt-1.3b/nontoxic', input_path_2='./output/opt-1.3b/toxic', alpha=0.4, method='svd')
Namespace(seed=42, model_name_or_path='facebook/opt-1.3b', peft='./output/opt-1.3b/negation_0.4')
toxicity score 0.07927714397083037
toxicity ratio % 3.5000000000000004
Perplexity: 13.83434009552002
Namespace(seed=42, model_name_or_path='facebook/opt-1.3b', peft='./output/opt-1.3b/subtraction_0.4')
toxicity score 0.030285117842577165
toxicity ratio % 0.5
Perplexity: 12.489755630493164
Namespace(seed=42, model_name_or_path='facebook/opt-1.3b', peft='./output/opt-1.3b/svd_0.4')
toxicity score 0.03311068091803463
toxicity ratio % 2.0
Perplexity: 12.475512504577637
Namespace(input_path_1='./output/opt-1.3b/nontoxic', input_path_2='./output/opt-1.3b/toxic', alpha=0.5, method='negation')
Namespace(input_path_1='./output/opt-1.3b/nontoxic', input_path_2='./output/opt-1.3b/toxic', alpha=0.5, method='subtraction')
Namespace(input_path_1='./output/opt-1.3b/nontoxic', input_path_2='./output/opt-1.3b/toxic', alpha=0.5, method='svd')
Namespace(seed=42, model_name_or_path='facebook/opt-1.3b', peft='./output/opt-1.3b/negation_0.5')
toxicity score 0.02852547946953564
toxicity ratio % 2.0
Perplexity: 14.752111434936523
Namespace(seed=42, model_name_or_path='facebook/opt-1.3b', peft='./output/opt-1.3b/subtraction_0.5')
toxicity score 0.017099641549139052
toxicity ratio % 1.0
Perplexity: 12.564530372619629
Namespace(seed=42, model_name_or_path='facebook/opt-1.3b', peft='./output/opt-1.3b/svd_0.5')
toxicity score 0.014858849470183486
toxicity ratio % 0.5
Perplexity: 12.522464752197266
Namespace(input_path_1='./output/opt-1.3b/nontoxic', input_path_2='./output/opt-1.3b/toxic', alpha=0.6, method='negation')
Namespace(input_path_1='./output/opt-1.3b/nontoxic', input_path_2='./output/opt-1.3b/toxic', alpha=0.6, method='subtraction')
Namespace(input_path_1='./output/opt-1.3b/nontoxic', input_path_2='./output/opt-1.3b/toxic', alpha=0.6, method='svd')
Namespace(seed=42, model_name_or_path='facebook/opt-1.3b', peft='./output/opt-1.3b/negation_0.6')
toxicity score 0.03699179704650305
toxicity ratio % 1.0
Perplexity: 16.649152755737305
Namespace(seed=42, model_name_or_path='facebook/opt-1.3b', peft='./output/opt-1.3b/subtraction_0.6')
toxicity score 0.019987144430779154
toxicity ratio % 1.0
Perplexity: 12.674934387207031
Namespace(seed=42, model_name_or_path='facebook/opt-1.3b', peft='./output/opt-1.3b/svd_0.6')
toxicity score 0.014389052233600524
toxicity ratio % 0.0
Perplexity: 12.588705062866211
Namespace(input_path_1='./output/opt-1.3b/nontoxic', input_path_2='./output/opt-1.3b/toxic', alpha=0.7, method='negation')
Namespace(input_path_1='./output/opt-1.3b/nontoxic', input_path_2='./output/opt-1.3b/toxic', alpha=0.7, method='subtraction')
Namespace(input_path_1='./output/opt-1.3b/nontoxic', input_path_2='./output/opt-1.3b/toxic', alpha=0.7, method='svd')
Namespace(seed=42, model_name_or_path='facebook/opt-1.3b', peft='./output/opt-1.3b/negation_0.7')
toxicity score 0.018611725610535357
toxicity ratio % 0.5
Perplexity: 23.16144371032715
Namespace(seed=42, model_name_or_path='facebook/opt-1.3b', peft='./output/opt-1.3b/subtraction_0.7')
toxicity score 0.008696922519884537
toxicity ratio % 0.5
Perplexity: 12.839015007019043
Namespace(seed=42, model_name_or_path='facebook/opt-1.3b', peft='./output/opt-1.3b/svd_0.7')
toxicity score 0.013026934001391054
toxicity ratio % 0.0
Perplexity: 12.678062438964844
Namespace(input_path_1='./output/opt-1.3b/nontoxic', input_path_2='./output/opt-1.3b/toxic', alpha=0.8, method='negation')
Namespace(input_path_1='./output/opt-1.3b/nontoxic', input_path_2='./output/opt-1.3b/toxic', alpha=0.8, method='subtraction')
Namespace(input_path_1='./output/opt-1.3b/nontoxic', input_path_2='./output/opt-1.3b/toxic', alpha=0.8, method='svd')
Namespace(seed=42, model_name_or_path='facebook/opt-1.3b', peft='./output/opt-1.3b/negation_0.8')
toxicity score 0.020124005627294536
toxicity ratio % 1.0
Perplexity: 99.15463256835938
Namespace(seed=42, model_name_or_path='facebook/opt-1.3b', peft='./output/opt-1.3b/subtraction_0.8')
toxicity score 0.0017440428359259386
toxicity ratio % 0.0
Perplexity: 13.08919906616211
Namespace(seed=42, model_name_or_path='facebook/opt-1.3b', peft='./output/opt-1.3b/svd_0.8')
toxicity score 0.007191647258587182
toxicity ratio % 0.0
Perplexity: 12.797754287719727
